2020-04-19 17:54:24 INFO  Database has been opened. 
2020-04-19 17:54:24 INFO  Server connected at: 8080 
2020-04-19 17:54:25 INFO  Bot logged in as Dashboard#1824. 
2020-04-19 17:54:45 INFO  Database has been opened. 
2020-04-19 17:54:46 INFO  Server connected at: 8080 
2020-04-19 17:54:46 INFO  Bot logged in as Dashboard#1824. 
2020-04-19 17:55:03 INFO  Database has been opened. 
2020-04-19 17:55:03 INFO  Server connected at: 8080 
2020-04-19 17:55:04 INFO  Bot logged in as Dashboard#1824. 
2020-04-19 17:55:14 INFO  Database has been opened. 
2020-04-19 17:55:14 INFO  Server connected at: 8080 
2020-04-19 17:55:15 INFO  Bot logged in as Dashboard#1824. 
2020-04-19 18:28:05 INFO  Database has been opened. 
2020-04-19 18:28:05 INFO  Server connected at: 8080 
2020-04-19 18:28:06 INFO  Bot logged in as Dashboard#1824. 
2020-04-19 18:44:34 INFO  Database has been opened. 
2020-04-19 18:44:34 INFO  Server connected at: 8080 
2020-04-19 18:44:35 INFO  Bot logged in as Dashboard#1824. 
2020-04-19 19:03:26 INFO  Database has been opened. 
2020-04-19 19:03:26 INFO  Server connected at: 8080 
2020-04-19 19:03:27 INFO  Bot logged in as Dashboard#1824. 
2020-04-19 19:05:41 INFO  Database has been opened. 
2020-04-19 19:05:42 INFO  Server connected at: 8080 
2020-04-19 19:05:42 INFO  Bot logged in as Dashboard#1824. 
2020-04-19 20:19:32 INFO  Database has been opened. 
2020-04-19 20:19:33 INFO  Server connected at: 8080 
2020-04-19 20:19:34 INFO  Bot logged in as Dashboard#1824. 
2020-04-19 20:52:00 INFO  Database has been opened. 
2020-04-19 20:52:01 INFO  Server connected at: 8080 
2020-04-19 20:52:01 INFO  Bot logged in as Dashboard#1824. 
2020-04-19 22:10:47 INFO  User 'NyTrOuS#4556' is now a renewal member. 
2020-04-19 22:10:47 INFO  User 'NyTrOuS#4556' has bought a subscription. 
2020-04-19 22:36:02 INFO  Database has been opened. 
2020-04-19 22:36:02 INFO  Server connected at: 8080 
2020-04-19 22:36:03 INFO  Bot logged in as Dashboard#1824. 
2020-04-19 22:37:06 INFO  Database has been opened. 
2020-04-19 22:37:06 INFO  Server connected at: 8080 
2020-04-19 22:37:07 INFO  Bot logged in as Dashboard#1824. 
2020-04-20 10:39:11 INFO  Database has been opened. 
2020-04-20 10:39:11 INFO  Server connected at: 8080 
2020-04-20 10:39:12 INFO  Bot logged in as Dashboard#1824. 
2020-04-20 10:40:33 INFO  Database has been opened. 
2020-04-20 10:40:33 INFO  Server connected at: 8080 
2020-04-20 10:40:34 INFO  Bot logged in as Dashboard#1824. 
2020-04-20 10:41:11 INFO  Database has been opened. 
2020-04-20 10:41:12 INFO  Server connected at: 8080 
2020-04-20 10:41:12 INFO  Bot logged in as Dashboard#1824. 
2020-04-20 10:41:30 INFO  Database has been opened. 
2020-04-20 10:41:30 INFO  Server connected at: 8080 
2020-04-20 10:41:31 INFO  Bot logged in as Dashboard#1824. 
2020-04-20 10:59:15 INFO  Database has been opened. 
2020-04-20 10:59:16 INFO  Server connected at: 8080 
2020-04-20 10:59:17 INFO  Bot logged in as Dashboard#1824. 
2020-04-20 11:04:15 INFO  Database has been opened. 
2020-04-20 11:04:16 INFO  Server connected at: 8080 
2020-04-20 11:04:17 INFO  Bot logged in as Dashboard#1824. 
